2026-05-28T00:37:21Z INF Thank you for trying Cloudflare Tunnel. Doing so, without a Cloudflare account, is a quick way to experiment and try it out. However, be aware that these account-less Tunnels have no uptime guarantee, are subject to the Cloudflare Online Services Terms of Use (https://www.cloudflare.com/website-terms/), and Cloudflare reserves the right to investigate your use of Tunnels for violations of such terms. If you intend to use Tunnels in production you should use a pre-created named tunnel by following: https://developers.cloudflare.com/cloudflare-one/connections/connect-apps
2026-05-28T00:37:21Z INF Requesting new quick Tunnel on trycloudflare.com...
2026-05-28T00:37:24Z INF +--------------------------------------------------------------------------------------------+
2026-05-28T00:37:24Z INF |  Your quick Tunnel has been created! Visit it at (it may take some time to be reachable):  |
2026-05-28T00:37:24Z INF |  https://alberta-saturday-attended-attempted.trycloudflare.com                             |
2026-05-28T00:37:24Z INF +--------------------------------------------------------------------------------------------+
2026-05-28T00:37:24Z INF Cannot determine default configuration path. No file [config.yml config.yaml] in [~/.cloudflared ~/.cloudflare-warp ~/cloudflare-warp]
2026-05-28T00:37:24Z INF Version 2026.5.1 (Checksum 8b97b5af442651e07c52caa9c79c6f60032bc10b675c2b36dd11c7690d9942e3)
2026-05-28T00:37:24Z INF GOOS: windows, GOVersion: go1.26.3, GoArch: amd64
2026-05-28T00:37:24Z INF Settings: map[ha-connections:1 protocol:quic url:http://localhost:8000]
2026-05-28T00:37:24Z INF cloudflared will not automatically update on Windows systems.
2026-05-28T00:37:24Z INF Generated Connector ID: 86b68af5-e8c2-4026-afcd-92d04114acca
2026-05-28T00:37:24Z INF Initial protocol quic
2026-05-28T00:37:24Z INF ICMP proxy will use 172.16.101.246 as source for IPv4
2026-05-28T00:37:24Z INF ICMP proxy will use fe80::e6d:e254:7d1b:dfcb in zone Wi-Fi as source for IPv6
2026-05-28T00:37:24Z INF cloudflared does not support loading the system root certificate pool on Windows. Please use --origin-ca-pool <PATH> to specify the path to the certificate pool
2026-05-28T00:37:24Z INF ICMP proxy will use 172.16.101.246 as source for IPv4
2026-05-28T00:37:24Z INF Tunnel connection curve preferences: [X25519MLKEM768 CurveID(65074) CurveP256] connIndex=0 event=0 ip=198.41.200.193
2026-05-28T00:37:24Z INF ICMP proxy will use fe80::e6d:e254:7d1b:dfcb in zone Wi-Fi as source for IPv6
2026-05-28T00:37:24Z INF Starting metrics server on 127.0.0.1:20241/metrics
--- CONNECTIVITY PRE-CHECKS ----------------------------------------------------
COMPONENT         TARGET                     STATUS  DETAILS
DNS Resolution    region1.v2.argotunnel.com  PASS    DNS Resolved successfully
DNS Resolution    region2.v2.argotunnel.com  PASS    DNS Resolved successfully
UDP Connectivity  region1.v2.argotunnel.com  PASS    QUIC connection successful
UDP Connectivity  region2.v2.argotunnel.com  PASS    QUIC connection successful
TCP Connectivity  region1.v2.argotunnel.com  PASS    HTTP/2 connection successful
TCP Connectivity  region2.v2.argotunnel.com  PASS    HTTP/2 connection successful
Cloudflare API    api.cloudflare.com:443     PASS    API is reachable

SUMMARY: Environment is healthy. cloudflared will use 'quic' as primary protocol.
--------------------------------------------------------------------------------

2026-05-28T00:37:24Z INF precheck component="DNS Resolution" details="DNS Resolved successfully" run_id=13fdf18f-bfa8-4829-a804-0104d4e0ff60 status=pass target=region1.v2.argotunnel.com
2026-05-28T00:37:24Z INF precheck component="DNS Resolution" details="DNS Resolved successfully" run_id=13fdf18f-bfa8-4829-a804-0104d4e0ff60 status=pass target=region2.v2.argotunnel.com
2026-05-28T00:37:24Z INF precheck component="UDP Connectivity" details="QUIC connection successful" run_id=13fdf18f-bfa8-4829-a804-0104d4e0ff60 status=pass target=region1.v2.argotunnel.com
2026-05-28T00:37:24Z INF precheck component="UDP Connectivity" details="QUIC connection successful" run_id=13fdf18f-bfa8-4829-a804-0104d4e0ff60 status=pass target=region2.v2.argotunnel.com
2026-05-28T00:37:24Z INF precheck component="TCP Connectivity" details="HTTP/2 connection successful" run_id=13fdf18f-bfa8-4829-a804-0104d4e0ff60 status=pass target=region1.v2.argotunnel.com
2026-05-28T00:37:24Z INF precheck component="TCP Connectivity" details="HTTP/2 connection successful" run_id=13fdf18f-bfa8-4829-a804-0104d4e0ff60 status=pass target=region2.v2.argotunnel.com
2026-05-28T00:37:24Z INF precheck component="Cloudflare API" details="API is reachable" run_id=13fdf18f-bfa8-4829-a804-0104d4e0ff60 status=pass target=api.cloudflare.com:443
2026-05-28T00:37:24Z INF precheck complete hard_fail=false run_id=13fdf18f-bfa8-4829-a804-0104d4e0ff60 suggested_protocol=quic
2026-05-28T00:37:24Z INF Registered tunnel connection connIndex=0 connection=bb0d025b-dfa0-4e84-a4fd-55577669d90a event=0 ip=198.41.200.193 location=icn05 protocol=quic
